2025-12-09 13:41:40, MOVE, v:1, k:poo@zoo, mode:PICK
2025-12-09 13:41:40, EXEC, v:1, k:poo@zoo, mode:LOCK, rate:100
2025-12-09 13:41:41, EXEC, v:1, k:poo@zoo, mode:LOCK, rate:100
2025-12-09 13:41:41, EXEC, v:1, k:poo@zoo, mode:LOCK, rate:100
2025-12-09 13:52:01, EXEC, v:1, k:poo@zoo, mode:LOCK, rate:100
2025-12-09 13:52:02, EXEC, v:1, k:poo@zoo, mode:LOCK, rate:100
2025-12-09 13:56:26, EXEC, v:1, k:poo@zoo, mode:LOCK, rate:100
2025-12-09 14:06:06, EXEC, v:1, k:poo@zoo, mode:LOCK, rate:100
2025-12-09 14:06:06, EXEC, v:1, k:poo@zoo, mode:LOCK, rate:100
2025-12-09 14:06:06, EXEC, v:1, k:poo@zoo, mode:LOCK, rate:100
2025-12-09 14:06:06, EXEC, v:1, k:poo@zoo, mode:LOCK, rate:100
2025-12-09 14:15:03, MOVE, v:1, k:poo@zoo, mode:BACK
2025-12-09 14:15:12, MOVE, v:1, k:poo@pagamento, mode:DOWN
2025-12-09 14:15:13, MOVE, v:1, k:poo@pagamento, mode:PICK
2025-12-09 14:15:15, EXEC, v:1, k:poo@pagamento, mode:LOCK, rate:100, size:0
2025-12-09 14:18:25, MOVE, v:1, k:poo@pagamento, mode:BACK
2025-12-09 14:18:35, MOVE, v:1, k:poo@pagamento, mode:PICK
2025-12-09 14:18:36, EXEC, v:1, k:poo@pagamento, mode:LOCK, rate:100
2025-12-09 14:18:36, EXEC, v:1, k:poo@pagamento, mode:LOCK, rate:100
2025-12-09 14:18:37, EXEC, v:1, k:poo@pagamento, mode:LOCK, rate:100
2025-12-09 14:38:27, EXEC, v:1, k:poo@pagamento, mode:LOCK, rate:0, size:40
2025-12-09 14:38:27, EXEC, v:1, k:poo@pagamento, mode:LOCK, rate:0, size:40
2025-12-09 14:38:28, MOVE, v:1, k:poo@pagamento, mode:BACK
2025-12-09 14:38:30, MOVE, v:1, k:poo@pagamento, mode:PICK
2025-12-09 14:38:31, EXEC, v:1, k:poo@pagamento, mode:LOCK, rate:0, size:40
2025-12-09 14:38:31, EXEC, v:1, k:poo@pagamento, mode:LOCK, rate:0, size:40
2025-12-09 14:38:33, EXEC, v:1, k:poo@pagamento, mode:LOCK, rate:0, size:40
2025-12-09 14:38:33, EXEC, v:1, k:poo@pagamento, mode:LOCK, rate:0
2025-12-09 14:40:24, EXEC, v:1, k:poo@pagamento, mode:LOCK, rate:0
2025-12-09 14:45:45, EXEC, v:1, k:poo@pagamento, mode:LOCK, rate:0
2025-12-09 14:45:45, EXEC, v:1, k:poo@pagamento, mode:LOCK, rate:0
2025-12-09 14:45:45, EXEC, v:1, k:poo@pagamento, mode:LOCK, rate:0
2025-12-09 14:45:46, MOVE, v:1, k:poo@pagamento, mode:BACK
2025-12-09 14:46:28, MOVE, v:1, k:poo@pagamento, mode:PICK
2025-12-09 14:46:29, EXEC, v:1, k:poo@pagamento, mode:LOCK, rate:0
2025-12-09 14:46:29, EXEC, v:1, k:poo@pagamento, mode:LOCK, rate:0
2025-12-09 14:46:29, EXEC, v:1, k:poo@pagamento, mode:LOCK, rate:0
2025-12-09 14:46:30, MOVE, v:1, k:poo@pagamento, mode:BACK
2025-12-09 14:46:31, MOVE, v:1, k:poo@pagamento, mode:PICK
2025-12-09 14:46:32, EXEC, v:1, k:poo@pagamento, mode:LOCK, rate:0
2025-12-09 14:46:32, MOVE, v:1, k:poo@pagamento, mode:BACK
