2025-12-03 14:51:53, MOVE, v:1, k:poo@zoo, mode:DOWN
2025-12-03 14:52:00, MOVE, v:1, k:poo@zoo, mode:PICK
2025-12-03 14:52:46, EXEC, v:1, k:poo@zoo, mode:LOCK, rate:100, size:0
2025-12-03 14:52:47, EXEC, v:1, k:poo@zoo, mode:LOCK, rate:100
2025-12-03 14:52:48, EXEC, v:1, k:poo@zoo, mode:LOCK, rate:100
2025-12-03 14:52:48, EXEC, v:1, k:poo@zoo, mode:LOCK, rate:100
2025-12-03 14:52:52, EXEC, v:1, k:poo@zoo, mode:LOCK, rate:100
2025-12-03 14:52:53, EXEC, v:1, k:poo@zoo, mode:LOCK, rate:100
2025-12-03 14:52:56, MOVE, v:1, k:poo@zoo, mode:BACK
2025-12-03 14:53:12, SELF, v:1, k:poo@zoo
2025-12-03 14:56:55, MOVE, v:1, k:poo@zoo, mode:PICK
2025-12-03 14:56:56, EXEC, v:1, k:poo@zoo, mode:LOCK, rate:100, size:1
2025-12-03 14:56:57, EXEC, v:1, k:poo@zoo, mode:LOCK, rate:100
2025-12-03 14:56:58, MOVE, v:1, k:poo@zoo, mode:BACK
2025-12-03 15:03:58, MOVE, v:1, k:poo@zoo, mode:PICK
2025-12-03 15:03:58, EXEC, v:1, k:poo@zoo, mode:LOCK, rate:100, size:6
2025-12-03 15:03:59, MOVE, v:1, k:poo@zoo, mode:BACK
2025-12-03 15:04:00, MOVE, v:1, k:poo@zoo, mode:PICK
2025-12-03 15:04:01, EXEC, v:1, k:poo@zoo, mode:LOCK, rate:100
2025-12-03 15:04:01, EXEC, v:1, k:poo@zoo, mode:LOCK, rate:100
2025-12-03 15:04:02, MOVE, v:1, k:poo@zoo, mode:BACK
2025-12-03 15:04:38, MOVE, v:1, k:poo@zoo, mode:PICK
2025-12-03 15:04:39, EXEC, v:1, k:poo@zoo, mode:LOCK, rate:100
2025-12-03 15:04:39, EXEC, v:1, k:poo@zoo, mode:LOCK, rate:100
2025-12-03 15:04:39, EXEC, v:1, k:poo@zoo, mode:LOCK, rate:100
2025-12-03 15:04:39, EXEC, v:1, k:poo@zoo, mode:LOCK, rate:100
2025-12-03 15:04:40, MOVE, v:1, k:poo@zoo, mode:BACK
2025-12-03 15:04:48, MOVE, v:1, k:poo@zoo, mode:PICK
2025-12-03 15:04:48, EXEC, v:1, k:poo@zoo, mode:LOCK, rate:100
2025-12-03 15:04:48, EXEC, v:1, k:poo@zoo, mode:LOCK, rate:100
2025-12-03 15:04:48, EXEC, v:1, k:poo@zoo, mode:LOCK, rate:100
2025-12-03 15:04:49, EXEC, v:1, k:poo@zoo, mode:LOCK, rate:100
2025-12-03 15:08:12, EXEC, v:1, k:poo@zoo, mode:LOCK, rate:100
2025-12-03 15:08:13, EXEC, v:1, k:poo@zoo, mode:LOCK, rate:100
2025-12-03 15:08:13, EXEC, v:1, k:poo@zoo, mode:LOCK, rate:100
2025-12-03 15:08:14, MOVE, v:1, k:poo@zoo, mode:BACK
