2025-12-15 00:07:22, MOVE, v:1, k:poo@zoo, mode:PICK
2025-12-15 00:07:23, EXEC, v:1, k:poo@zoo, mode:LOCK, rate:100
2025-12-15 00:07:23, EXEC, v:1, k:poo@zoo, mode:LOCK, rate:100
2025-12-15 00:07:24, EXEC, v:1, k:poo@zoo, mode:LOCK, rate:100
2025-12-15 00:07:24, EXEC, v:1, k:poo@zoo, mode:LOCK, rate:100
2025-12-15 00:07:28, MOVE, v:1, k:poo@zoo, mode:BACK
2025-12-15 00:07:29, MOVE, v:1, k:poo@zoo, mode:PICK
2025-12-15 00:07:29, EXEC, v:1, k:poo@zoo, mode:LOCK, rate:100
2025-12-15 00:07:30, EXEC, v:1, k:poo@zoo, mode:LOCK, rate:100
2025-12-15 00:07:30, EXEC, v:1, k:poo@zoo, mode:LOCK, rate:100
2025-12-15 00:07:30, EXEC, v:1, k:poo@zoo, mode:LOCK, rate:100
2025-12-15 00:42:57, MOVE, v:1, k:poo@zoo, mode:PICK
2025-12-15 00:42:57, EXEC, v:1, k:poo@zoo, mode:LOCK, rate:100
2025-12-15 00:42:58, EXEC, v:1, k:poo@zoo, mode:LOCK, rate:100
2025-12-15 00:42:58, EXEC, v:1, k:poo@zoo, mode:LOCK, rate:100
2025-12-15 00:42:58, EXEC, v:1, k:poo@zoo, mode:LOCK, rate:100
2025-12-15 00:42:58, EXEC, v:1, k:poo@zoo, mode:LOCK, rate:100
2025-12-15 00:42:59, MOVE, v:1, k:poo@zoo, mode:BACK
2025-12-15 00:43:26, MOVE, v:1, k:poo@estacionamento, mode:PICK
2025-12-15 00:43:27, EXEC, v:1, k:poo@estacionamento, mode:FULL, rate:0
2025-12-15 00:43:27, EXEC, v:1, k:poo@estacionamento, mode:FULL, rate:0
2025-12-15 00:43:27, EXEC, v:1, k:poo@estacionamento, mode:FULL, rate:0
2025-12-15 01:11:01, EXEC, v:1, k:poo@estacionamento, mode:FULL, rate:0, size:121
2025-12-15 01:11:02, EXEC, v:1, k:poo@estacionamento, mode:FULL, rate:0
2025-12-15 01:11:02, EXEC, v:1, k:poo@estacionamento, mode:FULL, rate:0
2025-12-15 01:19:46, EXEC, v:1, k:poo@estacionamento, mode:FULL, rate:0, size:136
2025-12-15 01:19:46, EXEC, v:1, k:poo@estacionamento, mode:FULL, rate:0, size:136
2025-12-15 01:19:47, EXEC, v:1, k:poo@estacionamento, mode:FULL, rate:0, size:136
2025-12-15 01:19:48, EXEC, v:1, k:poo@estacionamento, mode:FULL, rate:0
2025-12-15 01:21:00, EXEC, v:1, k:poo@estacionamento, mode:FULL, rate:0, size:141
2025-12-15 01:25:32, EXEC, v:1, k:poo@estacionamento, mode:FULL, rate:0, size:142
2025-12-15 01:25:32, EXEC, v:1, k:poo@estacionamento, mode:FULL, rate:0, size:142
2025-12-15 01:25:33, EXEC, v:1, k:poo@estacionamento, mode:FULL, rate:0, size:142
2025-12-15 01:30:42, EXEC, v:1, k:poo@estacionamento, mode:FULL, rate:50, size:142
2025-12-15 01:36:44, EXEC, v:1, k:poo@estacionamento, mode:FULL, rate:50, size:143
2025-12-15 01:36:45, EXEC, v:1, k:poo@estacionamento, mode:FULL, rate:50
2025-12-15 01:36:45, EXEC, v:1, k:poo@estacionamento, mode:FULL, rate:50
2025-12-15 01:36:46, EXEC, v:1, k:poo@estacionamento, mode:FULL, rate:50
2025-12-15 01:36:46, EXEC, v:1, k:poo@estacionamento, mode:FULL, rate:50
2025-12-15 01:40:36, EXEC, v:1, k:poo@estacionamento, mode:FULL, rate:50, size:140
2025-12-15 01:45:35, EXEC, v:1, k:poo@estacionamento, mode:FULL, rate:50, size:140
2025-12-15 01:45:38, EXEC, v:1, k:poo@estacionamento, mode:FULL, rate:50
2025-12-15 01:49:13, EXEC, v:1, k:poo@estacionamento, mode:FULL, rate:50, size:152
2025-12-15 01:49:15, EXEC, v:1, k:poo@estacionamento, mode:FULL, rate:50
2025-12-15 01:49:15, EXEC, v:1, k:poo@estacionamento, mode:FULL, rate:50
2025-12-15 01:55:59, EXEC, v:1, k:poo@estacionamento, mode:FULL, rate:100, size:152
2025-12-15 02:00:08, MOVE, v:1, k:poo@estacionamento, mode:BACK
2025-12-15 02:00:11, MOVE, v:1, k:poo@estacionamento, mode:PICK
2025-12-15 02:00:12, EXEC, v:1, k:poo@estacionamento, mode:FULL, rate:100
2025-12-15 02:00:13, MOVE, v:1, k:poo@estacionamento, mode:BACK
2025-12-15 02:00:22, MOVE, v:1, k:poo@pagamento, mode:PICK
2025-12-15 02:00:23, EXEC, v:1, k:poo@pagamento, mode:LOCK, rate:0, size:68
2025-12-15 02:00:23, EXEC, v:1, k:poo@pagamento, mode:LOCK, rate:0, size:68
2025-12-15 02:00:24, EXEC, v:1, k:poo@pagamento, mode:LOCK, rate:0, size:68
2025-12-15 02:00:34, EXEC, v:1, k:poo@pagamento, mode:LOCK, rate:0
2025-12-15 02:00:34, EXEC, v:1, k:poo@pagamento, mode:LOCK, rate:0
2025-12-15 02:00:35, EXEC, v:1, k:poo@pagamento, mode:LOCK, rate:0
2025-12-15 02:00:35, MOVE, v:1, k:poo@pagamento, mode:BACK
2025-12-15 02:00:36, MOVE, v:1, k:poo@pagamento, mode:PICK
2025-12-15 02:00:36, EXEC, v:1, k:poo@pagamento, mode:LOCK, rate:0
2025-12-15 02:00:37, EXEC, v:1, k:poo@pagamento, mode:LOCK, rate:0
2025-12-15 02:00:37, EXEC, v:1, k:poo@pagamento, mode:LOCK, rate:0
2025-12-15 02:01:12, EXEC, v:1, k:poo@pagamento, mode:LOCK, rate:0
2025-12-15 02:01:13, MOVE, v:1, k:poo@pagamento, mode:BACK
2025-12-15 02:01:14, MOVE, v:1, k:poo@pagamento, mode:PICK
2025-12-15 02:01:15, EXEC, v:1, k:poo@pagamento, mode:LOCK, rate:0
2025-12-15 02:01:15, EXEC, v:1, k:poo@pagamento, mode:LOCK, rate:0
2025-12-15 02:01:16, EXEC, v:1, k:poo@pagamento, mode:LOCK, rate:0
2025-12-15 02:01:16, EXEC, v:1, k:poo@pagamento, mode:LOCK, rate:0
2025-12-15 02:07:41, EXEC, v:1, k:poo@pagamento, mode:LOCK, rate:0
2025-12-15 02:07:41, EXEC, v:1, k:poo@pagamento, mode:LOCK, rate:0
2025-12-15 02:07:42, MOVE, v:1, k:poo@pagamento, mode:BACK
2025-12-15 02:07:45, MOVE, v:1, k:poo@pagamento, mode:PICK
2025-12-15 02:07:46, EXEC, v:1, k:poo@pagamento, mode:LOCK, rate:0
2025-12-15 02:07:46, EXEC, v:1, k:poo@pagamento, mode:LOCK, rate:0
2025-12-15 02:07:46, EXEC, v:1, k:poo@pagamento, mode:LOCK, rate:0
2025-12-15 02:07:46, EXEC, v:1, k:poo@pagamento, mode:LOCK, rate:0
2025-12-15 02:11:10, EXEC, v:1, k:poo@pagamento, mode:LOCK, rate:0
2025-12-15 02:11:11, EXEC, v:1, k:poo@pagamento, mode:LOCK, rate:0
2025-12-15 02:11:11, MOVE, v:1, k:poo@pagamento, mode:BACK
2025-12-15 02:11:16, MOVE, v:1, k:poo@pagamento, mode:PICK
2025-12-15 02:11:17, EXEC, v:1, k:poo@pagamento, mode:LOCK, rate:0
2025-12-15 02:11:17, EXEC, v:1, k:poo@pagamento, mode:LOCK, rate:0
2025-12-15 02:11:17, EXEC, v:1, k:poo@pagamento, mode:LOCK, rate:0
2025-12-15 02:11:19, MOVE, v:1, k:poo@pagamento, mode:BACK
2025-12-15 02:11:21, MOVE, v:1, k:poo@pagamento, mode:PICK
2025-12-15 02:11:22, EXEC, v:1, k:poo@pagamento, mode:LOCK, rate:0
2025-12-15 02:11:22, EXEC, v:1, k:poo@pagamento, mode:LOCK, rate:0
2025-12-15 02:11:22, EXEC, v:1, k:poo@pagamento, mode:LOCK, rate:0
2025-12-15 02:15:42, EXEC, v:1, k:poo@pagamento, mode:LOCK, rate:0
2025-12-15 02:15:43, EXEC, v:1, k:poo@pagamento, mode:LOCK, rate:0
2025-12-15 02:15:43, MOVE, v:1, k:poo@pagamento, mode:BACK
2025-12-15 02:15:46, MOVE, v:1, k:poo@pagamento, mode:PICK
2025-12-15 02:15:47, EXEC, v:1, k:poo@pagamento, mode:LOCK, rate:0
2025-12-15 02:15:47, EXEC, v:1, k:poo@pagamento, mode:LOCK, rate:0
2025-12-15 02:15:47, EXEC, v:1, k:poo@pagamento, mode:LOCK, rate:0
2025-12-15 02:15:48, EXEC, v:1, k:poo@pagamento, mode:LOCK, rate:0
2025-12-15 02:15:48, MOVE, v:1, k:poo@pagamento, mode:BACK
2025-12-15 02:15:50, MOVE, v:1, k:poo@pagamento, mode:PICK
2025-12-15 02:15:50, EXEC, v:1, k:poo@pagamento, mode:LOCK, rate:0
2025-12-15 02:15:50, EXEC, v:1, k:poo@pagamento, mode:LOCK, rate:0
2025-12-15 02:15:51, EXEC, v:1, k:poo@pagamento, mode:LOCK, rate:0
2025-12-15 02:15:51, MOVE, v:1, k:poo@pagamento, mode:BACK
2025-12-15 02:15:53, MOVE, v:1, k:poo@pagamento, mode:PICK
2025-12-15 02:15:54, EXEC, v:1, k:poo@pagamento, mode:LOCK, rate:0
2025-12-15 02:15:54, EXEC, v:1, k:poo@pagamento, mode:LOCK, rate:0
2025-12-15 02:15:54, EXEC, v:1, k:poo@pagamento, mode:LOCK, rate:0
2025-12-15 02:24:48, EXEC, v:1, k:poo@pagamento, mode:LOCK, rate:0
2025-12-15 02:24:48, EXEC, v:1, k:poo@pagamento, mode:LOCK, rate:0
2025-12-15 02:24:50, EXEC, v:1, k:poo@pagamento, mode:LOCK, rate:0
2025-12-15 02:24:50, MOVE, v:1, k:poo@pagamento, mode:BACK
2025-12-15 02:24:52, MOVE, v:1, k:poo@pagamento, mode:PICK
2025-12-15 02:24:53, EXEC, v:1, k:poo@pagamento, mode:LOCK, rate:0
2025-12-15 02:24:53, EXEC, v:1, k:poo@pagamento, mode:LOCK, rate:0
2025-12-15 02:24:54, EXEC, v:1, k:poo@pagamento, mode:LOCK, rate:0
2025-12-15 02:32:31, EXEC, v:1, k:poo@pagamento, mode:LOCK, rate:0
2025-12-15 02:32:32, EXEC, v:1, k:poo@pagamento, mode:LOCK, rate:0
2025-12-15 02:32:32, EXEC, v:1, k:poo@pagamento, mode:LOCK, rate:0
2025-12-15 02:32:33, MOVE, v:1, k:poo@pagamento, mode:BACK
