2025-12-14 17:32:32, MOVE, v:1, k:poo@estacionamento, mode:PICK
2025-12-14 17:32:33, EXEC, v:1, k:poo@estacionamento, mode:FULL, rate:0
2025-12-14 17:32:33, EXEC, v:1, k:poo@estacionamento, mode:FULL, rate:0
2025-12-14 17:32:33, EXEC, v:1, k:poo@estacionamento, mode:FULL, rate:0
2025-12-14 17:32:34, EXEC, v:1, k:poo@estacionamento, mode:FULL, rate:0
2025-12-14 17:32:34, EXEC, v:1, k:poo@estacionamento, mode:FULL, rate:0
2025-12-14 17:32:34, EXEC, v:1, k:poo@estacionamento, mode:FULL, rate:0
2025-12-14 17:32:37, EXEC, v:1, k:poo@estacionamento, mode:FULL, rate:0
2025-12-14 18:53:42, MOVE, v:1, k:poo@estacionamento, mode:PICK
2025-12-14 18:53:43, EXEC, v:1, k:poo@estacionamento, mode:FULL, rate:0
2025-12-14 18:53:45, MOVE, v:1, k:poo@estacionamento, mode:BACK
2025-12-14 18:53:47, MOVE, v:1, k:poo@estacionamento, mode:PICK
2025-12-14 18:53:48, EXEC, v:1, k:poo@estacionamento, mode:FULL, rate:0
2025-12-14 18:53:48, EXEC, v:1, k:poo@estacionamento, mode:FULL, rate:0
2025-12-14 18:53:49, EXEC, v:1, k:poo@estacionamento, mode:FULL, rate:0
2025-12-14 18:53:49, EXEC, v:1, k:poo@estacionamento, mode:FULL, rate:0
2025-12-14 18:53:49, EXEC, v:1, k:poo@estacionamento, mode:FULL, rate:0
2025-12-14 18:53:49, EXEC, v:1, k:poo@estacionamento, mode:FULL, rate:0
2025-12-14 18:53:50, EXEC, v:1, k:poo@estacionamento, mode:FULL, rate:0
2025-12-14 18:53:50, MOVE, v:1, k:poo@estacionamento, mode:BACK
2025-12-14 18:53:59, MOVE, v:1, k:poo@zoo, mode:PICK
2025-12-14 18:54:00, MOVE, v:1, k:poo@zoo, mode:BACK
2025-12-14 18:54:02, MOVE, v:1, k:poo@estacionamento, mode:PICK
2025-12-14 18:54:03, EXEC, v:1, k:poo@estacionamento, mode:FULL, rate:0
2025-12-14 18:54:03, EXEC, v:1, k:poo@estacionamento, mode:FULL, rate:0
2025-12-14 18:54:04, EXEC, v:1, k:poo@estacionamento, mode:FULL, rate:0
2025-12-14 18:54:04, EXEC, v:1, k:poo@estacionamento, mode:FULL, rate:0
2025-12-14 18:54:04, EXEC, v:1, k:poo@estacionamento, mode:FULL, rate:0
2025-12-14 18:54:05, MOVE, v:1, k:poo@estacionamento, mode:BACK
2025-12-14 19:00:27, MOVE, v:1, k:poo@estacionamento, mode:PICK
2025-12-14 19:00:27, EXEC, v:1, k:poo@estacionamento, mode:FULL, rate:0
2025-12-14 19:00:27, EXEC, v:1, k:poo@estacionamento, mode:FULL, rate:0
2025-12-14 19:00:27, EXEC, v:1, k:poo@estacionamento, mode:FULL, rate:0
2025-12-14 19:00:27, EXEC, v:1, k:poo@estacionamento, mode:FULL, rate:0
2025-12-14 19:00:27, EXEC, v:1, k:poo@estacionamento, mode:FULL, rate:0
2025-12-14 19:00:42, EXEC, v:1, k:poo@estacionamento, mode:FULL, rate:0
2025-12-14 19:00:42, MOVE, v:1, k:poo@estacionamento, mode:BACK
2025-12-14 19:00:44, MOVE, v:1, k:poo@estacionamento, mode:PICK
2025-12-14 19:00:44, EXEC, v:1, k:poo@estacionamento, mode:FULL, rate:0
2025-12-14 19:00:45, EXEC, v:1, k:poo@estacionamento, mode:FULL, rate:0
2025-12-14 19:00:45, EXEC, v:1, k:poo@estacionamento, mode:FULL, rate:0
2025-12-14 19:00:45, MOVE, v:1, k:poo@estacionamento, mode:BACK
2025-12-14 19:01:20, MOVE, v:1, k:poo@estacionamento, mode:PICK
2025-12-14 19:01:21, EXEC, v:1, k:poo@estacionamento, mode:FULL, rate:0
2025-12-14 19:01:21, EXEC, v:1, k:poo@estacionamento, mode:FULL, rate:0
2025-12-14 19:01:22, EXEC, v:1, k:poo@estacionamento, mode:FULL, rate:0
2025-12-14 19:01:29, MOVE, v:1, k:poo@estacionamento, mode:BACK
2025-12-14 19:01:33, MOVE, v:1, k:poo@estacionamento, mode:PICK
2025-12-14 19:01:34, EXEC, v:1, k:poo@estacionamento, mode:FULL, rate:0
2025-12-14 19:01:34, EXEC, v:1, k:poo@estacionamento, mode:FULL, rate:0
2025-12-14 19:01:35, EXEC, v:1, k:poo@estacionamento, mode:FULL, rate:0
2025-12-14 19:02:25, EXEC, v:1, k:poo@estacionamento, mode:FULL, rate:0
2025-12-14 19:02:25, EXEC, v:1, k:poo@estacionamento, mode:FULL, rate:0
2025-12-14 19:02:26, EXEC, v:1, k:poo@estacionamento, mode:FULL, rate:0
2025-12-14 19:41:06, EXEC, v:1, k:poo@estacionamento, mode:FULL, rate:0, size:47
2025-12-14 19:41:08, MOVE, v:1, k:poo@estacionamento, mode:BACK
2025-12-14 19:41:10, MOVE, v:1, k:poo@estacionamento, mode:PICK
2025-12-14 19:41:11, EXEC, v:1, k:poo@estacionamento, mode:FULL, rate:0
2025-12-14 19:41:11, EXEC, v:1, k:poo@estacionamento, mode:FULL, rate:0
2025-12-14 19:41:12, EXEC, v:1, k:poo@estacionamento, mode:FULL, rate:0
2025-12-14 19:41:12, EXEC, v:1, k:poo@estacionamento, mode:FULL, rate:0
2025-12-14 20:06:10, EXEC, v:1, k:poo@estacionamento, mode:FULL, rate:0, size:64
2025-12-14 20:06:11, EXEC, v:1, k:poo@estacionamento, mode:FULL, rate:0
2025-12-14 20:06:11, EXEC, v:1, k:poo@estacionamento, mode:FULL, rate:0
2025-12-14 20:06:11, EXEC, v:1, k:poo@estacionamento, mode:FULL, rate:0
2025-12-14 20:06:11, MOVE, v:1, k:poo@estacionamento, mode:BACK
2025-12-14 20:06:15, MOVE, v:1, k:poo@estacionamento, mode:PICK
2025-12-14 20:06:15, EXEC, v:1, k:poo@estacionamento, mode:FULL, rate:0
2025-12-14 20:06:16, EXEC, v:1, k:poo@estacionamento, mode:FULL, rate:0
2025-12-14 20:06:16, EXEC, v:1, k:poo@estacionamento, mode:FULL, rate:0
2025-12-14 20:06:16, EXEC, v:1, k:poo@estacionamento, mode:FULL, rate:0
2025-12-14 20:14:29, EXEC, v:1, k:poo@estacionamento, mode:FULL, rate:0
2025-12-14 20:14:29, EXEC, v:1, k:poo@estacionamento, mode:FULL, rate:0
2025-12-14 20:14:29, EXEC, v:1, k:poo@estacionamento, mode:FULL, rate:0
2025-12-14 20:14:29, EXEC, v:1, k:poo@estacionamento, mode:FULL, rate:0
2025-12-14 20:14:48, EXEC, v:1, k:poo@estacionamento, mode:FULL, rate:0
2025-12-14 20:21:36, EXEC, v:1, k:poo@estacionamento, mode:FULL, rate:0, size:71
2025-12-14 20:21:40, EXEC, v:1, k:poo@estacionamento, mode:FULL, rate:0
2025-12-14 20:39:15, EXEC, v:1, k:poo@estacionamento, mode:FULL, rate:0, size:82
2025-12-14 20:39:15, EXEC, v:1, k:poo@estacionamento, mode:FULL, rate:0, size:82
2025-12-14 20:39:16, EXEC, v:1, k:poo@estacionamento, mode:FULL, rate:0, size:82
2025-12-14 20:39:22, MOVE, v:1, k:poo@estacionamento, mode:BACK
